Compilación iniciada a las 05/02/2014 14:37:39.
     1>Proyecto "C:\Users\raul-_000\Documents\Visual Studio 2012\Projects\JuegosReunidos\JuegosReunidos.vcxproj" en el nodo 2 (Build destinos).
     1>ClCompile:
         C:\Program Files (x86)\Microsoft Visual Studio 11.0\VC\bin\CL.exe /c /Isrc /AI"C:\Program Files (x86)\Reference Assemblies\Microsoft\Framework\.NETFramework\v4.5\\" /AI"C:\Program Files (x86)\Windows Kits\8.0\References\CommonConfiguration\Neutral" /AI"C:\Program Files (x86)\Reference Assemblies\Microsoft\Framework\.NETFramework\v4.5\Facades\\" /Zi /clr /nologo /W3 /WX- /Od /Oy- /D WIN32 /D _DEBUG /D _UNICODE /D UNICODE /EHa /MDd /GS /fp:precise /Zc:wchar_t /Zc:forScope /Fo"Debug\\" /Fd"Debug\vc110.pdb" /TP /wd4290 /FU"C:\Program Files (x86)\Reference Assemblies\Microsoft\Framework\.NETFramework\v4.5\mscorlib.dll" /FU"C:\Program Files (x86)\Reference Assemblies\Microsoft\Framework\.NETFramework\v4.5\System.Data.dll" /FU"C:\Program Files (x86)\Reference Assemblies\Microsoft\Framework\.NETFramework\v4.5\System.dll" /FU"C:\Program Files (x86)\Reference Assemblies\Microsoft\Framework\.NETFramework\v4.5\System.Drawing.dll" /FU"C:\Program Files (x86)\Reference Assemblies\Microsoft\Framework\.NETFramework\v4.5\System.Windows.Forms.dll" /FU"C:\Program Files (x86)\Reference Assemblies\Microsoft\Framework\.NETFramework\v4.5\System.Xml.dll" /analyze- /errorReport:prompt /clr:nostdlib JugadorMinimaxT2.cpp
         JugadorMinimaxT2.cpp
       Link:
         C:\Program Files (x86)\Microsoft Visual Studio 11.0\VC\bin\link.exe /ERRORREPORT:PROMPT /OUT:"C:\Users\raul-_000\Documents\Visual Studio 2012\Projects\JuegosReunidos\Debug\JuegosReunidos.exe" /INCREMENTAL /NOLOGO /ASSEMBLYRESOURCE:Debug\JuegosReunidos.Form1.resources /MANIFEST /MANIFESTUAC:"level='asInvoker' uiAccess='false'" /manifest:embed /DEBUG /PDB:"C:\Users\raul-_000\Documents\Visual Studio 2012\Projects\JuegosReunidos\Debug\JuegosReunidos.pdb" /ASSEMBLYDEBUG /SUBSYSTEM:WINDOWS /TLBID:1 /ENTRY:"main" /DYNAMICBASE /FIXED:NO /NXCOMPAT /MACHINE:X86 Debug\app.res
         Debug\AssemblyInfo.obj
         Debug\InterfazGrafConecta4.obj
         Debug\JuegosReunidos.obj
         Debug\JugadorAleaConecta4.obj
         Debug\JugadorMinimaxC4.obj
         Debug\JugadorMinimaxT2.obj
         Debug\InterfazGraf3enRaya.obj
         Debug\InterfazGrafT2.obj
         Debug\Juego3enRaya.obj
         Debug\JuegoConecta4.obj
         Debug\JuegoLogT2.obj
         Debug\JugadorAlea3enRaya.obj
         Debug\stdafx.obj
         "Debug\.NETFramework,Version=v4.5.AssemblyAttributes.obj"
         JuegosReunidos.vcxproj -> C:\Users\raul-_000\Documents\Visual Studio 2012\Projects\JuegosReunidos\Debug\JuegosReunidos.exe
     1>Compilación del proyecto terminada "C:\Users\raul-_000\Documents\Visual Studio 2012\Projects\JuegosReunidos\JuegosReunidos.vcxproj" (Build destinos).

Compilación correcta.

Tiempo transcurrido 00:00:02.10
