C:\USERS\ALBERTO\DOWNLOADS\JUEGOSREUNIDOS\RELEASE\.NETFRAMEWORK,VERSION=V4.0.ASSEMBLYATTRIBUTES.OBJ
C:\USERS\ALBERTO\DOWNLOADS\JUEGOSREUNIDOS\RELEASE\APP.RES
C:\USERS\ALBERTO\DOWNLOADS\JUEGOSREUNIDOS\RELEASE\ASSEMBLYINFO.OBJ
C:\Users\alberto\Downloads\JuegosReunidos\Release\cl.command.1.tlog
C:\Users\alberto\Downloads\JuegosReunidos\Release\CL.read.1.tlog
C:\Users\alberto\Downloads\JuegosReunidos\Release\CL.write.1.tlog
C:\USERS\ALBERTO\DOWNLOADS\JUEGOSREUNIDOS\RELEASE\INTERFAZGRAF3ENRAYA.OBJ
C:\USERS\ALBERTO\DOWNLOADS\JUEGOSREUNIDOS\RELEASE\INTERFAZGRAFT2.OBJ
C:\USERS\ALBERTO\DOWNLOADS\JUEGOSREUNIDOS\RELEASE\JUEGO3ENRAYA.OBJ
C:\USERS\ALBERTO\DOWNLOADS\JUEGOSREUNIDOS\RELEASE\JUEGOLOGT2.OBJ
C:\USERS\ALBERTO\DOWNLOADS\JUEGOSREUNIDOS\RELEASE\JUEGOSREUNIDOS.EXE
C:\USERS\ALBERTO\DOWNLOADS\JUEGOSREUNIDOS\RELEASE\JUEGOSREUNIDOS.EXE.INTERMEDIATE.MANIFEST
C:\Users\alberto\Downloads\JuegosReunidos\Release\JuegosReunidos.exe.metagen
C:\Users\alberto\Downloads\JuegosReunidos\Release\JuegosReunidos.Form1.resources
C:\USERS\ALBERTO\DOWNLOADS\JUEGOSREUNIDOS\RELEASE\JUEGOSREUNIDOS.OBJ
C:\USERS\ALBERTO\DOWNLOADS\JUEGOSREUNIDOS\RELEASE\JUEGOSREUNIDOS.PCH
C:\USERS\ALBERTO\DOWNLOADS\JUEGOSREUNIDOS\RELEASE\JUEGOSREUNIDOS.PDB
C:\Users\alberto\Downloads\JuegosReunidos\Release\JuegosReunidos.vcxproj.GenerateResource.Cache
C:\Users\alberto\Downloads\JuegosReunidos\Release\JuegosReunidos.vcxprojResolveAssemblyReference.cache
C:\Users\alberto\Downloads\JuegosReunidos\Release\JuegosReunidos.write.1.tlog
C:\USERS\ALBERTO\DOWNLOADS\JUEGOSREUNIDOS\RELEASE\JUGADORALEA3ENRAYA.OBJ
C:\Users\alberto\Downloads\JuegosReunidos\Release\link.command.1.tlog
C:\Users\alberto\Downloads\JuegosReunidos\Release\link.read.1.tlog
C:\Users\alberto\Downloads\JuegosReunidos\Release\link.write.1.tlog
C:\Users\alberto\Downloads\JuegosReunidos\Release\link-cvtres.read.1.tlog
C:\Users\alberto\Downloads\JuegosReunidos\Release\link-cvtres.write.1.tlog
C:\Users\alberto\Downloads\JuegosReunidos\Release\metagen.read.1.tlog
C:\Users\alberto\Downloads\JuegosReunidos\Release\metagen.write.1.tlog
C:\Users\alberto\Downloads\JuegosReunidos\Release\mt.command.1.tlog
C:\Users\alberto\Downloads\JuegosReunidos\Release\mt.read.1.tlog
C:\Users\alberto\Downloads\JuegosReunidos\Release\mt.write.1.tlog
C:\Users\alberto\Downloads\JuegosReunidos\Release\rc.command.1.tlog
C:\Users\alberto\Downloads\JuegosReunidos\Release\rc.read.1.tlog
C:\Users\alberto\Downloads\JuegosReunidos\Release\rc.write.1.tlog
C:\USERS\ALBERTO\DOWNLOADS\JUEGOSREUNIDOS\RELEASE\STDAFX.OBJ
C:\USERS\ALBERTO\DOWNLOADS\JUEGOSREUNIDOS\RELEASE\VC100.PDB
